c:\users\mikhail\documents\visual studio 2015\projects\ca\medved\medved cplusplus\debug\vc140.pdb
c:\users\mikhail\documents\visual studio 2015\projects\ca\medved\medved cplusplus\debug\.netframework,version=v4.5.2.assemblyattributes.obj
c:\users\mikhail\documents\visual studio 2015\projects\ca\medved\medved cplusplus\debug\.netframework,version=v4.5.2.assemblyattributes.asm
c:\users\mikhail\documents\visual studio 2015\projects\ca\medved\medved cplusplus\debug\medved cplusplus.pch
c:\users\mikhail\documents\visual studio 2015\projects\ca\medved\medved cplusplus\debug\stdafx.obj
c:\users\mikhail\documents\visual studio 2015\projects\ca\medved\medved cplusplus\debug\assemblyinfo.obj
c:\users\mikhail\documents\visual studio 2015\projects\ca\medved\debug\medved cplusplus.exe
c:\users\mikhail\documents\visual studio 2015\projects\ca\medved\debug\medved cplusplus.pdb
c:\users\mikhail\documents\visual studio 2015\projects\ca\medved\debug\medved csharp.dll
c:\users\mikhail\documents\visual studio 2015\projects\ca\medved\debug\medved vb.dll
c:\users\mikhail\documents\visual studio 2015\projects\ca\medved\debug\medved csharp.pdb
c:\users\mikhail\documents\visual studio 2015\projects\ca\medved\debug\medved vb.pdb
c:\users\mikhail\documents\visual studio 2015\projects\ca\medved\debug\medved vb.xml
c:\users\mikhail\documents\visual studio 2015\projects\ca\medved\debug\medved_fsharp.dll
c:\users\mikhail\documents\visual studio 2015\projects\ca\medved\debug\fsharp.core.dll
c:\users\mikhail\documents\visual studio 2015\projects\ca\medved\debug\medved_fsharp.pdb
c:\users\mikhail\documents\visual studio 2015\projects\ca\medved\debug\medved_fsharp.xml
c:\users\mikhail\documents\visual studio 2015\projects\ca\medved\debug\fsharp.core.xml
c:\users\mikhail\documents\visual studio 2015\projects\ca\medved\debug\ru\fsharp.core.resources.dll
c:\users\mikhail\documents\visual studio 2015\projects\ca\medved\medved cplusplus\debug\medved cplusplus.tlog\metagen.write.1.tlog
c:\users\mikhail\documents\visual studio 2015\projects\ca\medved\medved cplusplus\debug\app.res
c:\users\mikhail\documents\visual studio 2015\projects\ca\medved\medved cplusplus\debug\medved cplusplus.vcxprojresolveassemblyreference.cache
c:\users\mikhail\documents\visual studio 2015\projects\ca\medved\medved cplusplus\debug\medved cplusplus.tlog\cl.command.1.tlog
c:\users\mikhail\documents\visual studio 2015\projects\ca\medved\medved cplusplus\debug\medved cplusplus.tlog\cl.read.1.tlog
c:\users\mikhail\documents\visual studio 2015\projects\ca\medved\medved cplusplus\debug\medved cplusplus.tlog\cl.write.1.tlog
c:\users\mikhail\documents\visual studio 2015\projects\ca\medved\medved cplusplus\debug\medved cplusplus.tlog\link.command.1.tlog
c:\users\mikhail\documents\visual studio 2015\projects\ca\medved\medved cplusplus\debug\medved cplusplus.tlog\link.read.1.tlog
c:\users\mikhail\documents\visual studio 2015\projects\ca\medved\medved cplusplus\debug\medved cplusplus.tlog\link.write.1.tlog
c:\users\mikhail\documents\visual studio 2015\projects\ca\medved\medved cplusplus\debug\medved cplusplus.tlog\medved cplusplus.write.1u.tlog
c:\users\mikhail\documents\visual studio 2015\projects\ca\medved\medved cplusplus\debug\medved cplusplus.tlog\metagen.read.1.tlog
c:\users\mikhail\documents\visual studio 2015\projects\ca\medved\medved cplusplus\debug\medved cplusplus.tlog\rc.command.1.tlog
c:\users\mikhail\documents\visual studio 2015\projects\ca\medved\medved cplusplus\debug\medved cplusplus.tlog\rc.read.1.tlog
c:\users\mikhail\documents\visual studio 2015\projects\ca\medved\medved cplusplus\debug\medved cplusplus.tlog\rc.write.1.tlog
c:\users\mikhail\documents\visual studio 2015\projects\ca\medved\medved cplusplus\debug\medved cplusplus.tlog\medved csharp.dll.metagen
c:\users\mikhail\documents\visual studio 2015\projects\ca\medved\medved cplusplus\debug\medved cplusplus.tlog\medved vb.dll.metagen
